<?xml version="1.0" encoding="UTF-8"?>
<!-- Generated by org.testng.reporters.JUnitReportReporter -->
<testsuite skipped="0" hostname="SM-Corporation" name="dummy.restapi.test.EmployeeApi2" tests="4" failures="0" timestamp="07 Nov 2018 08:44:30 GMT" time="3.887" errors="1">
  <testcase name="createArrayRequestBody" time="1.586" classname="dummy.restapi.test.EmployeeApi2">
    <error type="com.jayway.jsonpath.PathNotFoundException" message="Expected to find an object with property [&#039;id&#039;] in path $ but found &#039;java.lang.Boolean&#039;. This is not a json object according to the JsonProvider: &#039;com.jayway.jsonpath.spi.json.JsonSmartJsonProvider&#039;.">
      <![CDATA[com.jayway.jsonpath.PathNotFoundException: Expected to find an object with property ['id'] in path $ but found 'java.lang.Boolean'. This is not a json object according to the JsonProvider: 'com.jayway.jsonpath.spi.json.JsonSmartJsonProvider'.
at com.jayway.jsonpath.internal.path.PropertyPathToken.evaluate(PropertyPathToken.java:69)
at com.jayway.jsonpath.internal.path.RootPathToken.evaluate(RootPathToken.java:62)
at com.jayway.jsonpath.internal.path.CompiledPath.evaluate(CompiledPath.java:53)
at com.jayway.jsonpath.internal.path.CompiledPath.evaluate(CompiledPath.java:61)
at com.jayway.jsonpath.JsonPath.read(JsonPath.java:187)
at com.jayway.jsonpath.internal.JsonContext.read(JsonContext.java:164)
at com.jayway.jsonpath.internal.JsonContext.read(JsonContext.java:147)
at com.jayway.jsonpath.JsonPath.read(JsonPath.java:502)
at dummy.restapi.test.EmployeeApi2.createArrayRequestBody(EmployeeApi2.java:113)
at sun.reflect.NativeMethodAccessorImpl.invoke0(Native Method)
at sun.reflect.NativeMethodAccessorImpl.invoke(Unknown Source)
at sun.reflect.DelegatingMethodAccessorImpl.invoke(Unknown Source)
at java.lang.reflect.Method.invoke(Unknown Source)
at org.testng.internal.MethodInvocationHelper.invokeMethod(MethodInvocationHelper.java:124)
at org.testng.internal.Invoker.invokeMethod(Invoker.java:583)
at org.testng.internal.Invoker.invokeTestMethod(Invoker.java:719)
at org.testng.internal.Invoker.invokeTestMethods(Invoker.java:989)
at org.testng.internal.TestMethodWorker.invokeTestMethods(TestMethodWorker.java:125)
at org.testng.internal.TestMethodWorker.run(TestMethodWorker.java:109)
at org.testng.TestRunner.privateRun(TestRunner.java:648)
at org.testng.TestRunner.run(TestRunner.java:505)
at org.testng.SuiteRunner.runTest(SuiteRunner.java:455)
at org.testng.SuiteRunner.runSequentially(SuiteRunner.java:450)
at org.testng.SuiteRunner.privateRun(SuiteRunner.java:415)
at org.testng.SuiteRunner.run(SuiteRunner.java:364)
at org.testng.SuiteRunnerWorker.runSuite(SuiteRunnerWorker.java:52)
at org.testng.SuiteRunnerWorker.run(SuiteRunnerWorker.java:84)
at org.testng.TestNG.runSuitesSequentially(TestNG.java:1208)
at org.testng.TestNG.runSuitesLocally(TestNG.java:1137)
at org.testng.TestNG.runSuites(TestNG.java:1049)
at org.testng.TestNG.run(TestNG.java:1017)
at org.testng.remote.AbstractRemoteTestNG.run(AbstractRemoteTestNG.java:114)
at org.testng.remote.RemoteTestNG.initAndRun(RemoteTestNG.java:251)
at org.testng.remote.RemoteTestNG.main(RemoteTestNG.java:77)
]]>
    </error>
  </testcase> <!-- createArrayRequestBody -->
  <testcase name="createEmployees" time="2.289" classname="dummy.restapi.test.EmployeeApi2"/>
  <testcase name="createJsonArrayRequestBody" time="0.008" classname="dummy.restapi.test.EmployeeApi2"/>
  <testcase name="patchJsonTest" time="0.004" classname="dummy.restapi.test.EmployeeApi2"/>
</testsuite> <!-- dummy.restapi.test.EmployeeApi2 -->
