<?xml version="1.0" encoding="UTF-8"?>
<!-- Generated by org.testng.reporters.JUnitXMLReporter -->
<testsuite hostname="SM-Corporation" ignored="2" name="ApiTests" tests="8" failures="2" timestamp="03 Nov 2018 03:45:31 GMT" time="8.753" errors="0">
  <testcase name="createEmployees" time="4.22" classname="dummy.restapi.test.EmployeeApiTests"/>
  <testcase name="createArrayRequestBody" time="0.851" classname="dummy.restapi.test.EmployeeApiTests">
    <failure type="java.lang.AssertionError" message="The following asserts failed:
	expected [true] but found [false]">
      <![CDATA[java.lang.AssertionError: The following asserts failed:
expected [true] but found [false]
at dummy.restapi.test.EmployeeApiTests.createArrayRequestBody(EmployeeApiTests.java:123)
... Removed 26 stack frames]]>
    </failure>
  </testcase> <!-- createArrayRequestBody -->
  <testcase name="createJsonArrayRequestBody" time="0.022" classname="dummy.restapi.test.EmployeeApiTests"/>
  <testcase name="patchJsonTest" time="0.216" classname="dummy.restapi.test.EmployeeApiTests"/>
  <testcase name="createEmployees" time="2.387" classname="dummy.restapi.test.EmployeeApiTests2"/>
  <testcase name="createArrayRequestBody" time="0.864" classname="dummy.restapi.test.EmployeeApiTests2">
    <failure type="java.lang.AssertionError" message="The following asserts failed:
	expected [true] but found [false]">
      <![CDATA[java.lang.AssertionError: The following asserts failed:
expected [true] but found [false]
at dummy.restapi.test.EmployeeApiTests2.createArrayRequestBody(EmployeeApiTests2.java:123)
... Removed 26 stack frames]]>
    </failure>
  </testcase> <!-- createArrayRequestBody -->
  <testcase name="createJsonArrayRequestBody" time="0.007" classname="dummy.restapi.test.EmployeeApiTests2"/>
  <testcase name="patchJsonTest" time="0.009" classname="dummy.restapi.test.EmployeeApiTests2"/>
  <testcase name="@AfterSuite EndSuite" time="0.0" classname="aut.framework.common.BaseAPITest">
    <ignored/>
  </testcase> <!-- @AfterSuite EndSuite -->
  <testcase name="@BeforeSuite StartSuite" time="0.0" classname="aut.framework.common.BaseAPITest">
    <ignored/>
  </testcase> <!-- @BeforeSuite StartSuite -->
</testsuite> <!-- ApiTests -->
