<?xml version="1.0" encoding="UTF-8"?>
<testng-results skipped="0" failed="2" ignored="2" total="10" passed="6">
  <reporter-output>
  </reporter-output>
  <suite name="DummyApiTestSuites" duration-ms="8753" started-at="2018-11-03T03:45:22Z" finished-at="2018-11-03T03:45:31Z">
    <groups>
    </groups>
    <test name="ApiTests" duration-ms="8753" started-at="2018-11-03T03:45:22Z" finished-at="2018-11-03T03:45:31Z">
      <class name="dummy.restapi.test.EmployeeApiTests2">
        <test-method status="PASS" signature="InitialSetup()[pri:0, instance:dummy.restapi.test.EmployeeApiTests2@72d818d1]" name="InitialSetup" is-config="true" duration-ms="2" started-at="2018-11-03T03:45:28Z" finished-at="2018-11-03T03:45:28Z">
          <reporter-output>
          </reporter-output>
        </test-method> <!-- InitialSetup -->
        <test-method status="PASS" signature="createEmployees()[pri:0, instance:dummy.restapi.test.EmployeeApiTests2@72d818d1]" name="createEmployees" duration-ms="2387" started-at="2018-11-03T03:45:28Z" finished-at="2018-11-03T03:45:30Z">
          <reporter-output>
          </reporter-output>
        </test-method> <!-- createEmployees -->
        <test-method status="FAIL" signature="createArrayRequestBody()[pri:0, instance:dummy.restapi.test.EmployeeApiTests2@72d818d1]" name="createArrayRequestBody" duration-ms="864" started-at="2018-11-03T03:45:30Z" finished-at="2018-11-03T03:45:31Z">
          <exception class="java.lang.AssertionError">
            <message>
              <![CDATA[The following asserts failed:
expected [true] but found [false]]]>
            </message>
            <full-stacktrace>
              <![CDATA[java.lang.AssertionError: The following asserts failed:
expected [true] but found [false]
at org.testng.asserts.SoftAssert.assertAll(SoftAssert.java:43)
at dummy.restapi.test.EmployeeApiTests2.createArrayRequestBody(EmployeeApiTests2.java:123)
at sun.reflect.NativeMethodAccessorImpl.invoke0(Native Method)
at sun.reflect.NativeMethodAccessorImpl.invoke(Unknown Source)
at sun.reflect.DelegatingMethodAccessorImpl.invoke(Unknown Source)
at java.lang.reflect.Method.invoke(Unknown Source)
at org.testng.internal.MethodInvocationHelper.invokeMethod(MethodInvocationHelper.java:124)
at org.testng.internal.Invoker.invokeMethod(Invoker.java:583)
at org.testng.internal.Invoker.invokeTestMethod(Invoker.java:719)
at org.testng.internal.Invoker.invokeTestMethods(Invoker.java:989)
at org.testng.internal.TestMethodWorker.invokeTestMethods(TestMethodWorker.java:125)
at org.testng.internal.TestMethodWorker.run(TestMethodWorker.java:109)
at org.testng.TestRunner.privateRun(TestRunner.java:648)
at org.testng.TestRunner.run(TestRunner.java:505)
at org.testng.SuiteRunner.runTest(SuiteRunner.java:455)
at org.testng.SuiteRunner.runSequentially(SuiteRunner.java:450)
at org.testng.SuiteRunner.privateRun(SuiteRunner.java:415)
at org.testng.SuiteRunner.run(SuiteRunner.java:364)
at org.testng.SuiteRunnerWorker.runSuite(SuiteRunnerWorker.java:52)
at org.testng.SuiteRunnerWorker.run(SuiteRunnerWorker.java:84)
at org.testng.TestNG.runSuitesSequentially(TestNG.java:1208)
at org.testng.TestNG.runSuitesLocally(TestNG.java:1137)
at org.testng.TestNG.runSuites(TestNG.java:1049)
at org.testng.TestNG.run(TestNG.java:1017)
at org.testng.remote.AbstractRemoteTestNG.run(AbstractRemoteTestNG.java:114)
at org.testng.remote.RemoteTestNG.initAndRun(RemoteTestNG.java:251)
at org.testng.remote.RemoteTestNG.main(RemoteTestNG.java:77)
]]>
            </full-stacktrace>
          </exception> <!-- java.lang.AssertionError -->
          <reporter-output>
          </reporter-output>
        </test-method> <!-- createArrayRequestBody -->
        <test-method status="PASS" signature="createJsonArrayRequestBody()[pri:0, instance:dummy.restapi.test.EmployeeApiTests2@72d818d1]" name="createJsonArrayRequestBody" duration-ms="7" started-at="2018-11-03T03:45:31Z" finished-at="2018-11-03T03:45:31Z">
          <reporter-output>
          </reporter-output>
        </test-method> <!-- createJsonArrayRequestBody -->
        <test-method status="PASS" signature="patchJsonTest()[pri:0, instance:dummy.restapi.test.EmployeeApiTests2@72d818d1]" name="patchJsonTest" duration-ms="9" started-at="2018-11-03T03:45:31Z" finished-at="2018-11-03T03:45:31Z">
          <reporter-output>
          </reporter-output>
        </test-method> <!-- patchJsonTest -->
        <test-method status="PASS" signature="Closure()[pri:0, instance:dummy.restapi.test.EmployeeApiTests2@72d818d1]" name="Closure" is-config="true" duration-ms="0" started-at="2018-11-03T03:45:31Z" finished-at="2018-11-03T03:45:31Z">
          <reporter-output>
          </reporter-output>
        </test-method> <!-- Closure -->
      </class> <!-- dummy.restapi.test.EmployeeApiTests2 -->
      <class name="dummy.restapi.test.EmployeeApiTests">
        <test-method status="PASS" signature="StartSuite(org.testng.ITestContext)[pri:0, instance:dummy.restapi.test.EmployeeApiTests@27c20538]" name="StartSuite" is-config="true" duration-ms="18" started-at="2018-11-03T03:45:22Z" finished-at="2018-11-03T03:45:22Z">
          <params>
            <param index="0">
              <value>
                <![CDATA[org.testng.TestRunner@62515a47]]>
              </value>
            </param>
          </params>
          <reporter-output>
          </reporter-output>
        </test-method> <!-- StartSuite -->
        <test-method status="PASS" signature="InitialSetup()[pri:0, instance:dummy.restapi.test.EmployeeApiTests@27c20538]" name="InitialSetup" is-config="true" duration-ms="53" started-at="2018-11-03T03:45:22Z" finished-at="2018-11-03T03:45:23Z">
          <reporter-output>
          </reporter-output>
        </test-method> <!-- InitialSetup -->
        <test-method status="PASS" signature="createEmployees()[pri:0, instance:dummy.restapi.test.EmployeeApiTests@27c20538]" name="createEmployees" duration-ms="4220" started-at="2018-11-03T03:45:23Z" finished-at="2018-11-03T03:45:27Z">
          <reporter-output>
          </reporter-output>
        </test-method> <!-- createEmployees -->
        <test-method status="FAIL" signature="createArrayRequestBody()[pri:0, instance:dummy.restapi.test.EmployeeApiTests@27c20538]" name="createArrayRequestBody" duration-ms="851" started-at="2018-11-03T03:45:27Z" finished-at="2018-11-03T03:45:28Z">
          <exception class="java.lang.AssertionError">
            <message>
              <![CDATA[The following asserts failed:
expected [true] but found [false]]]>
            </message>
            <full-stacktrace>
              <![CDATA[java.lang.AssertionError: The following asserts failed:
expected [true] but found [false]
at org.testng.asserts.SoftAssert.assertAll(SoftAssert.java:43)
at dummy.restapi.test.EmployeeApiTests.createArrayRequestBody(EmployeeApiTests.java:123)
at sun.reflect.NativeMethodAccessorImpl.invoke0(Native Method)
at sun.reflect.NativeMethodAccessorImpl.invoke(Unknown Source)
at sun.reflect.DelegatingMethodAccessorImpl.invoke(Unknown Source)
at java.lang.reflect.Method.invoke(Unknown Source)
at org.testng.internal.MethodInvocationHelper.invokeMethod(MethodInvocationHelper.java:124)
at org.testng.internal.Invoker.invokeMethod(Invoker.java:583)
at org.testng.internal.Invoker.invokeTestMethod(Invoker.java:719)
at org.testng.internal.Invoker.invokeTestMethods(Invoker.java:989)
at org.testng.internal.TestMethodWorker.invokeTestMethods(TestMethodWorker.java:125)
at org.testng.internal.TestMethodWorker.run(TestMethodWorker.java:109)
at org.testng.TestRunner.privateRun(TestRunner.java:648)
at org.testng.TestRunner.run(TestRunner.java:505)
at org.testng.SuiteRunner.runTest(SuiteRunner.java:455)
at org.testng.SuiteRunner.runSequentially(SuiteRunner.java:450)
at org.testng.SuiteRunner.privateRun(SuiteRunner.java:415)
at org.testng.SuiteRunner.run(SuiteRunner.java:364)
at org.testng.SuiteRunnerWorker.runSuite(SuiteRunnerWorker.java:52)
at org.testng.SuiteRunnerWorker.run(SuiteRunnerWorker.java:84)
at org.testng.TestNG.runSuitesSequentially(TestNG.java:1208)
at org.testng.TestNG.runSuitesLocally(TestNG.java:1137)
at org.testng.TestNG.runSuites(TestNG.java:1049)
at org.testng.TestNG.run(TestNG.java:1017)
at org.testng.remote.AbstractRemoteTestNG.run(AbstractRemoteTestNG.java:114)
at org.testng.remote.RemoteTestNG.initAndRun(RemoteTestNG.java:251)
at org.testng.remote.RemoteTestNG.main(RemoteTestNG.java:77)
]]>
            </full-stacktrace>
          </exception> <!-- java.lang.AssertionError -->
          <reporter-output>
          </reporter-output>
        </test-method> <!-- createArrayRequestBody -->
        <test-method status="PASS" signature="createJsonArrayRequestBody()[pri:0, instance:dummy.restapi.test.EmployeeApiTests@27c20538]" name="createJsonArrayRequestBody" duration-ms="22" started-at="2018-11-03T03:45:28Z" finished-at="2018-11-03T03:45:28Z">
          <reporter-output>
          </reporter-output>
        </test-method> <!-- createJsonArrayRequestBody -->
        <test-method status="PASS" signature="patchJsonTest()[pri:0, instance:dummy.restapi.test.EmployeeApiTests@27c20538]" name="patchJsonTest" duration-ms="216" started-at="2018-11-03T03:45:28Z" finished-at="2018-11-03T03:45:28Z">
          <reporter-output>
          </reporter-output>
        </test-method> <!-- patchJsonTest -->
        <test-method status="PASS" signature="Closure()[pri:0, instance:dummy.restapi.test.EmployeeApiTests@27c20538]" name="Closure" is-config="true" duration-ms="1" started-at="2018-11-03T03:45:28Z" finished-at="2018-11-03T03:45:28Z">
          <reporter-output>
          </reporter-output>
        </test-method> <!-- Closure -->
        <test-method status="PASS" signature="EndSuite(org.testng.ITestContext)[pri:0, instance:dummy.restapi.test.EmployeeApiTests@27c20538]" name="EndSuite" is-config="true" duration-ms="9" started-at="2018-11-03T03:45:31Z" finished-at="2018-11-03T03:45:31Z">
          <params>
            <param index="0">
              <value>
                <![CDATA[org.testng.TestRunner@62515a47]]>
              </value>
            </param>
          </params>
          <reporter-output>
          </reporter-output>
        </test-method> <!-- EndSuite -->
      </class> <!-- dummy.restapi.test.EmployeeApiTests -->
    </test> <!-- ApiTests -->
  </suite> <!-- DummyApiTestSuites -->
</testng-results>
